Arguments: 
  C:\Program Files\nodejs\node.exe C:\Users\MANITOU\AppData\Roaming\npm\node_modules\yarn\bin\yarn.js

PATH: 
  C:\Program Files\Common Files\Oracle\Java\javapath;C:\Program Files (x86)\Common Files\Oracle\Java\javapath;C:\WINDOWS\system32;C:\WINDOWS;"C:\WINDOWS\System32\Wbem;C:\Program Files\Java\jdk-19\bin";C:\WINDOWS\System32\WindowsPowerShell\v1.0\;C:\wamp64\bin\php\php7.4.9;C:\wamp64\www\dev;C:\ProgramData\ComposerSetup\bin;C:\Program Files\Git\cmd;C:\WINDOWS\System32\OpenSSH\;%JAVA_HOME%\bin;C:\Program Files\nodejs\;C:\src\flutter\bin;C:\Program Files\Java\jdk-19\Derby\bin;C:\Users\MANITOU\scoop\shims;C:\Users\MANITOU\AppData\Local\Programs\Python\Python39\Scripts\;C:\Users\MANITOU\AppData\Local\Programs\Python\Python39\;C:\Users\MANITOU\AppData\Local\Programs\Microsoft VS Code\bin;C:\Users\MANITOU\composer;C:\Users\MANITOU\AppData\Roaming\Composer\vendor\bin;C:\Users\MANITOU\AppData\Local\Microsoft\WindowsApps;C:\Users\MANITOU\AppData\Roaming\npm;C:\Users\MANITOU\.android\studio\installer;C:\Users\MANITOU\AppData\Local\Yarn\bin

Yarn version: 
  1.22.19

Node version: 
  18.14.2

Platform: 
  win32 x64

Trace: 
  Error: getaddrinfo ENOTFOUND registry.yarnpkg.com
      at GetAddrInfoReqWrap.onlookup [as oncomplete] (node:dns:107:26)

npm manifest: 
  {
    "name": "realestate",
    "private": true,
    "version": "0.0.0",
    "type": "module",
    "scripts": {
      "dev": "vite",
      "build": "vite build",
      "preview": "vite preview"
    },
    "dependencies": {
      "framer-motion": "^10.8.5",
      "react": "^18.2.0",
      "react-accessible-accordion": "^5.0.0",
      "react-countup": "^6.4.2",
      "react-dom": "^18.2.0",
      "react-icons": "^4.8.0",
      "react-outside-click-handler": "^1.3.0",
      "swiper": "^9.1.1"
    },
    "devDependencies": {
      "@types/react": "^18.0.28",
      "@types/react-dom": "^18.0.11",
      "@vitejs/plugin-react": "^3.1.0",
      "vite": "^4.2.0"
    }
  }

yarn manifest: 
  No manifest

Lockfile: 
  No lockfile
